<?xml version="1.0" encoding="UTF-8"?>
<testng-results ignored="0" total="1" passed="1" failed="0" skipped="0">
  <reporter-output>
  </reporter-output>
  <suite started-at="2024-03-24T13:02:31 IST" name="SampleMobileAutomation" finished-at="2024-03-24T13:02:54 IST" duration-ms="22347">
    <groups>
    </groups>
    <test started-at="2024-03-24T13:02:31 IST" name="Test" finished-at="2024-03-24T13:02:54 IST" duration-ms="22347">
      <class name="tests.CreateNewWalletTests">
        <test-method is-config="true" signature="setUp()[pri:0, instance:tests.CreateNewWalletTests@1198b989]" started-at="2024-03-24T13:02:31 IST" name="setUp" finished-at="2024-03-24T13:02:39 IST" duration-ms="7242" status="PASS">
          <reporter-output>
          </reporter-output>
        </test-method> <!-- setUp -->
        <test-method signature="createNewWalletUsingBackupSkipOption()[pri:0, instance:tests.CreateNewWalletTests@1198b989]" started-at="2024-03-24T13:02:39 IST" name="createNewWalletUsingBackupSkipOption" description="verify user is able to create new wallet skipping backup option" finished-at="2024-03-24T13:02:53 IST" duration-ms="14608" status="PASS">
          <reporter-output>
          </reporter-output>
        </test-method> <!-- createNewWalletUsingBackupSkipOption -->
        <test-method is-config="true" signature="tearDown(org.testng.ITestResult)[pri:0, instance:tests.CreateNewWalletTests@1198b989]" started-at="2024-03-24T13:02:53 IST" name="tearDown" finished-at="2024-03-24T13:02:54 IST" duration-ms="474" status="PASS">
          <params>
            <param index="0">
              <value>
                <![CDATA[[TestResult name=createNewWalletUsingBackupSkipOption status=SUCCESS method=CreateNewWalletTests.createNewWalletUsingBackupSkipOption()[pri:0, instance:tests.CreateNewWalletTests@1198b989] output={null}]]]>
              </value>
            </param>
          </params>
          <reporter-output>
          </reporter-output>
        </test-method> <!-- tearDown -->
      </class> <!-- tests.CreateNewWalletTests -->
    </test> <!-- Test -->
  </suite> <!-- SampleMobileAutomation -->
</testng-results>
